<?xml version="1.0" encoding="UTF-8"?>
<robot generator="Robot 7.3.2 (Python 3.12.3 on linux)" generated="2025-11-13T21:07:24.900310" rpa="false" schemaversion="5">
<suite id="s1" name="Tests" source="/home/lainemai/Documents/tehtavat-main/palautusrepositorio/viikko3/hello-robot/src/tests">
<suite id="s1-s1" name="Increase Counter" source="/home/lainemai/Documents/tehtavat-main/palautusrepositorio/viikko3/hello-robot/src/tests/increase_counter.robot">
<test id="s1-s1-t1" name="Reset Counter After One Increment" line="5">
<kw name="Counter Value Should Be" owner="CounterLibrary">
<arg>0</arg>
<status status="PASS" start="2025-11-13T21:07:24.929526" elapsed="0.000171"/>
</kw>
<kw name="Increase Counter" owner="CounterLibrary">
<status status="PASS" start="2025-11-13T21:07:24.929935" elapsed="0.000113"/>
</kw>
<kw name="Counter Value Should Be" owner="CounterLibrary">
<arg>1</arg>
<status status="PASS" start="2025-11-13T21:07:24.930165" elapsed="0.000138"/>
</kw>
<kw name="Reset Counter" owner="CounterLibrary">
<status status="PASS" start="2025-11-13T21:07:24.930435" elapsed="0.000085"/>
</kw>
<kw name="Counter Value Should Be" owner="CounterLibrary">
<arg>0</arg>
<status status="PASS" start="2025-11-13T21:07:24.930610" elapsed="0.000130"/>
</kw>
<status status="PASS" start="2025-11-13T21:07:24.928574" elapsed="0.002332"/>
</test>
<test id="s1-s1-t2" name="Reset Counter After Several Increments" line="12">
<kw name="Counter Value Should Be" owner="CounterLibrary">
<arg>0</arg>
<status status="PASS" start="2025-11-13T21:07:24.931641" elapsed="0.000134"/>
</kw>
<kw name="Increment Counter By" owner="CounterLibrary">
<arg>5</arg>
<status status="PASS" start="2025-11-13T21:07:24.931941" elapsed="0.000101"/>
</kw>
<kw name="Counter Value Should Be" owner="CounterLibrary">
<arg>5</arg>
<status status="PASS" start="2025-11-13T21:07:24.932163" elapsed="0.000099"/>
</kw>
<kw name="Reset Counter" owner="CounterLibrary">
<status status="PASS" start="2025-11-13T21:07:24.932401" elapsed="0.000092"/>
</kw>
<kw name="Counter Value Should Be" owner="CounterLibrary">
<arg>0</arg>
<status status="PASS" start="2025-11-13T21:07:24.932594" elapsed="0.000090"/>
</kw>
<status status="PASS" start="2025-11-13T21:07:24.931252" elapsed="0.001574"/>
</test>
<test id="s1-s1-t3" name="Increase Counter Once" line="20">
<kw name="Counter Value Should Be" owner="CounterLibrary">
<arg>0</arg>
<status status="PASS" start="2025-11-13T21:07:24.933316" elapsed="0.000124"/>
</kw>
<kw name="Increase Counter" owner="CounterLibrary">
<status status="PASS" start="2025-11-13T21:07:24.933548" elapsed="0.000079"/>
</kw>
<kw name="Counter Value Should Be" owner="CounterLibrary">
<arg>1</arg>
<status status="PASS" start="2025-11-13T21:07:24.933717" elapsed="0.000077"/>
</kw>
<status status="PASS" start="2025-11-13T21:07:24.933056" elapsed="0.000949"/>
</test>
<test id="s1-s1-t4" name="Increase Counter Many Times" line="25">
<kw name="Counter Value Should Be" owner="CounterLibrary">
<arg>0</arg>
<status status="PASS" start="2025-11-13T21:07:24.934471" elapsed="0.000103"/>
</kw>
<kw name="Increase Counter" owner="CounterLibrary">
<status status="PASS" start="2025-11-13T21:07:24.934672" elapsed="0.000067"/>
</kw>
<kw name="Increase Counter" owner="CounterLibrary">
<status status="PASS" start="2025-11-13T21:07:24.934842" elapsed="0.000109"/>
</kw>
<kw name="Increase Counter" owner="CounterLibrary">
<status status="PASS" start="2025-11-13T21:07:24.935054" elapsed="0.000076"/>
</kw>
<kw name="Counter Value Should Be" owner="CounterLibrary">
<arg>3</arg>
<status status="PASS" start="2025-11-13T21:07:24.935214" elapsed="0.000076"/>
</kw>
<status status="PASS" start="2025-11-13T21:07:24.934244" elapsed="0.001155"/>
</test>
<test id="s1-s1-t5" name="Increment Counter By Amount" line="32">
<kw name="Counter Value Should Be" owner="CounterLibrary">
<arg>0</arg>
<status status="PASS" start="2025-11-13T21:07:24.935777" elapsed="0.000104"/>
</kw>
<kw name="Increment Counter By" owner="CounterLibrary">
<arg>5</arg>
<status status="PASS" start="2025-11-13T21:07:24.936005" elapsed="0.000171"/>
</kw>
<kw name="Counter Value Should Be" owner="CounterLibrary">
<arg>5</arg>
<status status="PASS" start="2025-11-13T21:07:24.936291" elapsed="0.000102"/>
</kw>
<status status="PASS" start="2025-11-13T21:07:24.935548" elapsed="0.000983"/>
</test>
<status status="PASS" start="2025-11-13T21:07:24.925379" elapsed="0.011758"/>
</suite>
<status status="PASS" start="2025-11-13T21:07:24.901401" elapsed="0.036276"/>
</suite>
<statistics>
<total>
<stat pass="5" fail="0" skip="0">All Tests</stat>
</total>
<tag>
</tag>
<suite>
<stat name="Tests" id="s1" pass="5" fail="0" skip="0">Tests</stat>
<stat name="Increase Counter" id="s1-s1" pass="5" fail="0" skip="0">Tests.Increase Counter</stat>
</suite>
</statistics>
<errors>
</errors>
</robot>
